<?xml version="1.0" encoding="UTF-8"?>
<!-- Generated by org.testng.reporters.JUnitXMLReporter -->
<testsuite hostname="MSI" failures="1" tests="2" name="Test" time="19.199" errors="0" timestamp="24 Jul 2023 07:47:24 GMT">
  <testcase classname="extentReportExample.NOPCommApp" name="verifyLogin" time="3.458"/>
  <testcase classname="extentReportExample.NOPCommApp" name="verifyApplicationTitle" time="0.011">
    <failure type="java.lang.AssertionError" message="expected [Your store. Login!!] but found [Your store. Login]">
      <![CDATA[java.lang.AssertionError: expected [Your store. Login!!] but found [Your store. Login]
	at extentReportExample.NOPCommApp.verifyApplicationTitle(NOPCommApp.java:55)
... Removed 29 stack frames]]>
    </failure>
  </testcase> <!-- verifyApplicationTitle -->
</testsuite> <!-- Test -->
